2024-07-13 00:29:51 Loading main app package /tmp/.mount_Obsidi2auowE/resources/obsidian.asar
2024-07-13 00:29:51 Checking for update using Github
2024-07-13 00:29:52 Success.
2024-07-13 00:29:52 Latest version is 1.6.5
2024-07-13 00:29:52 App is up to date.
2024-07-13 00:30:27 Loading main app package /tmp/.mount_ObsidipDWEnW/resources/obsidian.asar
2024-07-13 00:30:27 Checking for update using Github
2024-07-13 00:30:27 Success.
2024-07-13 00:30:27 Latest version is 1.6.5
2024-07-13 00:30:27 App is up to date.
2024-07-13 00:30:39 Loading main app package /tmp/.mount_ObsidiEJn2Oe/resources/obsidian.asar
2024-07-13 00:30:39 Checking for update using Github
2024-07-13 00:30:39 Success.
2024-07-13 00:30:39 Latest version is 1.6.5
2024-07-13 00:30:39 App is up to date.
2024-07-13 00:32:18 Loading main app package /tmp/.mount_ObsidicgPM3p/resources/obsidian.asar
2024-07-13 00:32:18 Checking for update using Github
2024-07-13 00:32:18 Success.
2024-07-13 00:32:18 Latest version is 1.6.5
2024-07-13 00:32:18 App is up to date.
2024-07-13 00:36:06 Loading main app package /tmp/.mount_ObsidilMK6MX/resources/obsidian.asar
2024-07-13 00:36:07 Checking for update using Github
2024-07-13 00:36:07 Success.
2024-07-13 00:36:07 Latest version is 1.6.5
2024-07-13 00:36:07 App is up to date.
2024-07-13 00:36:17 Loading main app package /tmp/.mount_ObsidiUxrWY1/resources/obsidian.asar
2024-07-13 00:36:17 Checking for update using Github
2024-07-13 00:36:17 Success.
2024-07-13 00:36:17 Latest version is 1.6.5
2024-07-13 00:36:17 App is up to date.
2024-07-13 00:37:19 Loading main app package /tmp/.mount_Obsidi5tBpwY/resources/obsidian.asar
2024-07-13 00:37:20 Checking for update using Github
2024-07-13 00:37:20 Success.
2024-07-13 00:37:20 Latest version is 1.6.5
2024-07-13 00:37:20 App is up to date.
